22:07:36 **** Build of configuration Debug for project driverDev ****
make -j12 all 
arm-none-eabi-gcc -mcpu=cortex-m4 -g3 -DDEBUG -c -x assembler-with-cpp -MMD -MP -MF"Startup/startup_stm32f446retx.d" -MT"Startup/startup_stm32f446retx.o" --specs=nano.specs -mfloat-abi=soft -mthumb -o "Startup/startup_stm32f446retx.o" "../Startup/startup_stm32f446retx.s"
arm-none-eabi-gcc "../Src/main.c" -mcpu=cortex-m4 -std=gnu11 -g3 -DDEBUG -DSTM32 -DSTM32F4 -DSTM32F446RETx -DNUCLEO_F446RE -c -I../Inc -I"C:/EmbeddedSystemsProjectsEntri/STM32/driverDev/Drivers/Inc" -O0 -ffunction-sections -fdata-sections -Wall -fstack-usage -fcyclomatic-complexity -MMD -MP -MF"Src/main.d" -MT"Src/main.o" --specs=nano.specs -mfloat-abi=soft -mthumb -o "Src/main.o"
arm-none-eabi-gcc "../Src/syscalls.c" -mcpu=cortex-m4 -std=gnu11 -g3 -DDEBUG -DSTM32 -DSTM32F4 -DSTM32F446RETx -DNUCLEO_F446RE -c -I../Inc -I"C:/EmbeddedSystemsProjectsEntri/STM32/driverDev/Drivers/Inc" -O0 -ffunction-sections -fdata-sections -Wall -fstack-usage -fcyclomatic-complexity -MMD -MP -MF"Src/syscalls.d" -MT"Src/syscalls.o" --specs=nano.specs -mfloat-abi=soft -mthumb -o "Src/syscalls.o"
arm-none-eabi-gcc "../Src/sysmem.c" -mcpu=cortex-m4 -std=gnu11 -g3 -DDEBUG -DSTM32 -DSTM32F4 -DSTM32F446RETx -DNUCLEO_F446RE -c -I../Inc -I"C:/EmbeddedSystemsProjectsEntri/STM32/driverDev/Drivers/Inc" -O0 -ffunction-sections -fdata-sections -Wall -fstack-usage -fcyclomatic-complexity -MMD -MP -MF"Src/sysmem.d" -MT"Src/sysmem.o" --specs=nano.specs -mfloat-abi=soft -mthumb -o "Src/sysmem.o"
arm-none-eabi-gcc "../Drivers/Src/stm32f446_gpio_driver.c" -mcpu=cortex-m4 -std=gnu11 -g3 -DDEBUG -DSTM32 -DSTM32F4 -DSTM32F446RETx -DNUCLEO_F446RE -c -I../Inc -I"C:/EmbeddedSystemsProjectsEntri/STM32/driverDev/Drivers/Inc" -O0 -ffunction-sections -fdata-sections -Wall -fstack-usage -fcyclomatic-complexity -MMD -MP -MF"Drivers/Src/stm32f446_gpio_driver.d" -MT"Drivers/Src/stm32f446_gpio_driver.o" --specs=nano.specs -mfloat-abi=soft -mthumb -o "Drivers/Src/stm32f446_gpio_driver.o"
In file included from ../Drivers/Src/stm32f446_gpio_driver.c:9:
C:/EmbeddedSystemsProjectsEntri/STM32/driverDev/Drivers/Inc/stm32f446_gpio_driver.h:21:16: error: unknown type name 'GPIO_Handle_t'
   21 | void GPIO_Init(GPIO_Handle_t *pGPIOHandle);
      |                ^~~~~~~~~~~~~
../Drivers/Src/stm32f446_gpio_driver.c: In function 'GPIO_PeriClockControl':
../Drivers/Src/stm32f446_gpio_driver.c:33:23: error: 'ENABLE' undeclared (first use in this function)
   33 |         if (EnorDi == ENABLE)
      |                       ^~~~~~
../Drivers/Src/stm32f446_gpio_driver.c:33:23: note: each undeclared identifier is reported only once for each function it appears in
In file included from C:/EmbeddedSystemsProjectsEntri/STM32/driverDev/Drivers/Inc/stm32f446_gpio_driver.h:11:
C:/EmbeddedSystemsProjectsEntri/STM32/driverDev/Drivers/Inc/stm32f446xx.h:330:15: error: 'RCC_RegDef_t' undeclared (first use in this function); did you mean 'RCC_Regdef_t'?
  330 | #define RCC ((RCC_RegDef_t*)RCC_BASEADDR)
      |               ^~~~~~~~~~~~
C:/EmbeddedSystemsProjectsEntri/STM32/driverDev/Drivers/Inc/stm32f446xx.h:359:25: note: in expansion of macro 'RCC'
  359 | #define GPIOA_CLK_EN() (RCC->AHB1ENR)|=(1<<0)
      |                         ^~~
../Drivers/Src/stm32f446_gpio_driver.c:37:25: note: in expansion of macro 'GPIOA_CLK_EN'
   37 |                         GPIOA_CLK_EN();
      |                         ^~~~~~~~~~~~
C:/EmbeddedSystemsProjectsEntri/STM32/driverDev/Drivers/Inc/stm32f446xx.h:330:28: error: expected expression before ')' token
  330 | #define RCC ((RCC_RegDef_t*)RCC_BASEADDR)
      |                            ^
C:/EmbeddedSystemsProjectsEntri/STM32/driverDev/Drivers/Inc/stm32f446xx.h:359:25: note: in expansion of macro 'RCC'
  359 | #define GPIOA_CLK_EN() (RCC->AHB1ENR)|=(1<<0)
      |                         ^~~
../Drivers/Src/stm32f446_gpio_driver.c:37:25: note: in expansion of macro 'GPIOA_CLK_EN'
   37 |                         GPIOA_CLK_EN();
      |                         ^~~~~~~~~~~~
C:/EmbeddedSystemsProjectsEntri/STM32/driverDev/Drivers/Inc/stm32f446xx.h:330:28: error: expected expression before ')' token
  330 | #define RCC ((RCC_RegDef_t*)RCC_BASEADDR)
      |                            ^
C:/EmbeddedSystemsProjectsEntri/STM32/driverDev/Drivers/Inc/stm32f446xx.h:360:25: note: in expansion of macro 'RCC'
  360 | #define GPIOB_CLK_EN() (RCC->AHB1ENR)|=(1<<1)
      |                         ^~~
../Drivers/Src/stm32f446_gpio_driver.c:41:25: note: in expansion of macro 'GPIOB_CLK_EN'
   41 |                         GPIOB_CLK_EN();
      |                         ^~~~~~~~~~~~
C:/EmbeddedSystemsProjectsEntri/STM32/driverDev/Drivers/Inc/stm32f446xx.h:330:28: error: expected expression before ')' token
  330 | #define RCC ((RCC_RegDef_t*)RCC_BASEADDR)
      |                            ^
C:/EmbeddedSystemsProjectsEntri/STM32/driverDev/Drivers/Inc/stm32f446xx.h:361:25: note: in expansion of macro 'RCC'
  361 | #define GPIOC_CLK_EN() (RCC->AHB1ENR)|=(1<<2)
      |                         ^~~
../Drivers/Src/stm32f446_gpio_driver.c:45:25: note: in expansion of macro 'GPIOC_CLK_EN'
   45 |                         GPIOC_CLK_EN();
      |                         ^~~~~~~~~~~~
C:/EmbeddedSystemsProjectsEntri/STM32/driverDev/Drivers/Inc/stm32f446xx.h:330:28: error: expected expression before ')' token
  330 | #define RCC ((RCC_RegDef_t*)RCC_BASEADDR)
      |                            ^
C:/EmbeddedSystemsProjectsEntri/STM32/driverDev/Drivers/Inc/stm32f446xx.h:362:25: note: in expansion of macro 'RCC'
  362 | #define GPIOD_CLK_EN() (RCC->AHB1ENR)|=(1<<3)
      |                         ^~~
../Drivers/Src/stm32f446_gpio_driver.c:49:25: note: in expansion of macro 'GPIOD_CLK_EN'
   49 |                         GPIOD_CLK_EN();
      |                         ^~~~~~~~~~~~
C:/EmbeddedSystemsProjectsEntri/STM32/driverDev/Drivers/Inc/stm32f446xx.h:330:28: error: expected expression before ')' token
  330 | #define RCC ((RCC_RegDef_t*)RCC_BASEADDR)
      |                            ^
C:/EmbeddedSystemsProjectsEntri/STM32/driverDev/Drivers/Inc/stm32f446xx.h:363:25: note: in expansion of macro 'RCC'
  363 | #define GPIOE_CLK_EN() (RCC->AHB1ENR)|=(1<<4)
      |                         ^~~
../Drivers/Src/stm32f446_gpio_driver.c:53:25: note: in expansion of macro 'GPIOE_CLK_EN'
   53 |                         GPIOE_CLK_EN();
      |                         ^~~~~~~~~~~~
C:/EmbeddedSystemsProjectsEntri/STM32/driverDev/Drivers/Inc/stm32f446xx.h:330:28: error: expected expression before ')' token
  330 | #define RCC ((RCC_RegDef_t*)RCC_BASEADDR)
      |                            ^
C:/EmbeddedSystemsProjectsEntri/STM32/driverDev/Drivers/Inc/stm32f446xx.h:364:25: note: in expansion of macro 'RCC'
  364 | #define GPIOF_CLK_EN() (RCC->AHB1ENR)|=(1<<5)
      |                         ^~~
../Drivers/Src/stm32f446_gpio_driver.c:57:25: note: in expansion of macro 'GPIOF_CLK_EN'
   57 |                         GPIOF_CLK_EN();
      |                         ^~~~~~~~~~~~
C:/EmbeddedSystemsProjectsEntri/STM32/driverDev/Drivers/Inc/stm32f446xx.h:330:28: error: expected expression before ')' token
  330 | #define RCC ((RCC_RegDef_t*)RCC_BASEADDR)
      |                            ^
C:/EmbeddedSystemsProjectsEntri/STM32/driverDev/Drivers/Inc/stm32f446xx.h:365:25: note: in expansion of macro 'RCC'
  365 | #define GPIOG_CLK_EN() (RCC->AHB1ENR)|=(1<<6)
      |                         ^~~
../Drivers/Src/stm32f446_gpio_driver.c:61:25: note: in expansion of macro 'GPIOG_CLK_EN'
   61 |                         GPIOG_CLK_EN();
      |                         ^~~~~~~~~~~~
C:/EmbeddedSystemsProjectsEntri/STM32/driverDev/Drivers/Inc/stm32f446xx.h:330:28: error: expected expression before ')' token
  330 | #define RCC ((RCC_RegDef_t*)RCC_BASEADDR)
      |                            ^
C:/EmbeddedSystemsProjectsEntri/STM32/driverDev/Drivers/Inc/stm32f446xx.h:366:25: note: in expansion of macro 'RCC'
  366 | #define GPIOH_CLK_EN() (RCC->AHB1ENR)|=(1<<7)
      |                         ^~~
../Drivers/Src/stm32f446_gpio_driver.c:65:25: note: in expansion of macro 'GPIOH_CLK_EN'
   65 |                         GPIOH_CLK_EN();
      |                         ^~~~~~~~~~~~
C:/EmbeddedSystemsProjectsEntri/STM32/driverDev/Drivers/Inc/stm32f446xx.h:330:28: error: expected expression before ')' token
  330 | #define RCC ((RCC_RegDef_t*)RCC_BASEADDR)
      |                            ^
C:/EmbeddedSystemsProjectsEntri/STM32/driverDev/Drivers/Inc/stm32f446xx.h:399:28: note: in expansion of macro 'RCC'
  399 | #define GPIOA_CLK_DIS()   (RCC->AHB1ENR &= ~(1U << 0))
      |                            ^~~
../Drivers/Src/stm32f446_gpio_driver.c:74:25: note: in expansion of macro 'GPIOA_CLK_DIS'
   74 |                         GPIOA_CLK_DIS();
      |                         ^~~~~~~~~~~~~
C:/EmbeddedSystemsProjectsEntri/STM32/driverDev/Drivers/Inc/stm32f446xx.h:330:28: error: expected expression before ')' token
  330 | #define RCC ((RCC_RegDef_t*)RCC_BASEADDR)
      |                            ^
C:/EmbeddedSystemsProjectsEntri/STM32/driverDev/Drivers/Inc/stm32f446xx.h:400:28: note: in expansion of macro 'RCC'
  400 | #define GPIOB_CLK_DIS()   (RCC->AHB1ENR &= ~(1U << 1))
      |                            ^~~
../Drivers/Src/stm32f446_gpio_driver.c:78:25: note: in expansion of macro 'GPIOB_CLK_DIS'
   78 |                         GPIOB_CLK_DIS();
      |                         ^~~~~~~~~~~~~
C:/EmbeddedSystemsProjectsEntri/STM32/driverDev/Drivers/Inc/stm32f446xx.h:330:28: error: expected expression before ')' token
  330 | #define RCC ((RCC_RegDef_t*)RCC_BASEADDR)
      |                            ^
C:/EmbeddedSystemsProjectsEntri/STM32/driverDev/Drivers/Inc/stm32f446xx.h:401:28: note: in expansion of macro 'RCC'
  401 | #define GPIOC_CLK_DIS()   (RCC->AHB1ENR &= ~(1U << 2))
      |                            ^~~
../Drivers/Src/stm32f446_gpio_driver.c:82:25: note: in expansion of macro 'GPIOC_CLK_DIS'
   82 |                         GPIOC_CLK_DIS();
      |                         ^~~~~~~~~~~~~
C:/EmbeddedSystemsProjectsEntri/STM32/driverDev/Drivers/Inc/stm32f446xx.h:330:28: error: expected expression before ')' token
  330 | #define RCC ((RCC_RegDef_t*)RCC_BASEADDR)
      |                            ^
C:/EmbeddedSystemsProjectsEntri/STM32/driverDev/Drivers/Inc/stm32f446xx.h:402:28: note: in expansion of macro 'RCC'
  402 | #define GPIOD_CLK_DIS()   (RCC->AHB1ENR &= ~(1U << 3))
      |                            ^~~
../Drivers/Src/stm32f446_gpio_driver.c:86:25: note: in expansion of macro 'GPIOD_CLK_DIS'
   86 |                         GPIOD_CLK_DIS();
      |                         ^~~~~~~~~~~~~
C:/EmbeddedSystemsProjectsEntri/STM32/driverDev/Drivers/Inc/stm32f446xx.h:330:28: error: expected expression before ')' token
  330 | #define RCC ((RCC_RegDef_t*)RCC_BASEADDR)
      |                            ^
C:/EmbeddedSystemsProjectsEntri/STM32/driverDev/Drivers/Inc/stm32f446xx.h:403:28: note: in expansion of macro 'RCC'
  403 | #define GPIOE_CLK_DIS()   (RCC->AHB1ENR &= ~(1U << 4))
      |                            ^~~
../Drivers/Src/stm32f446_gpio_driver.c:90:25: note: in expansion of macro 'GPIOE_CLK_DIS'
   90 |                         GPIOE_CLK_DIS();
      |                         ^~~~~~~~~~~~~
C:/EmbeddedSystemsProjectsEntri/STM32/driverDev/Drivers/Inc/stm32f446xx.h:330:28: error: expected expression before ')' token
  330 | #define RCC ((RCC_RegDef_t*)RCC_BASEADDR)
      |                            ^
C:/EmbeddedSystemsProjectsEntri/STM32/driverDev/Drivers/Inc/stm32f446xx.h:404:28: note: in expansion of macro 'RCC'
  404 | #define GPIOF_CLK_DIS()   (RCC->AHB1ENR &= ~(1U << 5))
      |                            ^~~
../Drivers/Src/stm32f446_gpio_driver.c:94:25: note: in expansion of macro 'GPIOF_CLK_DIS'
   94 |                         GPIOF_CLK_DIS();
      |                         ^~~~~~~~~~~~~
C:/EmbeddedSystemsProjectsEntri/STM32/driverDev/Drivers/Inc/stm32f446xx.h:330:28: error: expected expression before ')' token
  330 | #define RCC ((RCC_RegDef_t*)RCC_BASEADDR)
      |                            ^
C:/EmbeddedSystemsProjectsEntri/STM32/driverDev/Drivers/Inc/stm32f446xx.h:405:28: note: in expansion of macro 'RCC'
  405 | #define GPIOG_CLK_DIS()   (RCC->AHB1ENR &= ~(1U << 6))
      |                            ^~~
../Drivers/Src/stm32f446_gpio_driver.c:98:25: note: in expansion of macro 'GPIOG_CLK_DIS'
   98 |                         GPIOG_CLK_DIS();
      |                         ^~~~~~~~~~~~~
C:/EmbeddedSystemsProjectsEntri/STM32/driverDev/Drivers/Inc/stm32f446xx.h:330:28: error: expected expression before ')' token
  330 | #define RCC ((RCC_RegDef_t*)RCC_BASEADDR)
      |                            ^
C:/EmbeddedSystemsProjectsEntri/STM32/driverDev/Drivers/Inc/stm32f446xx.h:406:28: note: in expansion of macro 'RCC'
  406 | #define GPIOH_CLK_DIS()   (RCC->AHB1ENR &= ~(1U << 7))
      |                            ^~~
../Drivers/Src/stm32f446_gpio_driver.c:102:25: note: in expansion of macro 'GPIOH_CLK_DIS'
  102 |                         GPIOH_CLK_DIS();
      |                         ^~~~~~~~~~~~~
../Drivers/Src/stm32f446_gpio_driver.c: At top level:
../Drivers/Src/stm32f446_gpio_driver.c:111:16: error: unknown type name 'GPIO_Handle_t'
  111 | void GPIO_Init(GPIO_Handle_t *pGPIOHandle)
      |                ^~~~~~~~~~~~~
make: *** [Drivers/Src/subdir.mk:19: Drivers/Src/stm32f446_gpio_driver.o] Error 1
make: *** Waiting for unfinished jobs....
"make -j12 all" terminated with exit code 2. Build might be incomplete.

22:07:37 Build Failed. 22 errors, 0 warnings. (took 376ms)

