07:44:02 **** Build of configuration Debug for project oled_i2c_driver ****
make -j12 all 
arm-none-eabi-gcc "../Src/main.c" -mcpu=cortex-m4 -std=gnu11 -g3 -DDEBUG -DSTM32 -DSTM32F4 -DSTM32F446RETx -DNUCLEO_F446RE -c -I../Inc -I"C:/EmbeddedSystemsProjectsEntri/STM32/oled_i2c_driver/Drivers/STM32F4xx_HAL_Driver/Inc" -I"C:/EmbeddedSystemsProjectsEntri/STM32/oled_i2c_driver/Drivers/Inc" -O0 -ffunction-sections -fdata-sections -Wall -fstack-usage -fcyclomatic-complexity -MMD -MP -MF"Src/main.d" -MT"Src/main.o" --specs=nano.specs -mfpu=fpv4-sp-d16 -mfloat-abi=hard -mthumb -o "Src/main.o"
arm-none-eabi-gcc "../Drivers/Src/fonts.c" -mcpu=cortex-m4 -std=gnu11 -g3 -DDEBUG -DSTM32 -DSTM32F4 -DSTM32F446RETx -DNUCLEO_F446RE -c -I../Inc -I"C:/EmbeddedSystemsProjectsEntri/STM32/oled_i2c_driver/Drivers/STM32F4xx_HAL_Driver/Inc" -I"C:/EmbeddedSystemsProjectsEntri/STM32/oled_i2c_driver/Drivers/Inc" -O0 -ffunction-sections -fdata-sections -Wall -fstack-usage -fcyclomatic-complexity -MMD -MP -MF"Drivers/Src/fonts.d" -MT"Drivers/Src/fonts.o" --specs=nano.specs -mfpu=fpv4-sp-d16 -mfloat-abi=hard -mthumb -o "Drivers/Src/fonts.o"
arm-none-eabi-gcc "../Drivers/Src/ssd1306.c" -mcpu=cortex-m4 -std=gnu11 -g3 -DDEBUG -DSTM32 -DSTM32F4 -DSTM32F446RETx -DNUCLEO_F446RE -c -I../Inc -I"C:/EmbeddedSystemsProjectsEntri/STM32/oled_i2c_driver/Drivers/STM32F4xx_HAL_Driver/Inc" -I"C:/EmbeddedSystemsProjectsEntri/STM32/oled_i2c_driver/Drivers/Inc" -O0 -ffunction-sections -fdata-sections -Wall -fstack-usage -fcyclomatic-complexity -MMD -MP -MF"Drivers/Src/ssd1306.d" -MT"Drivers/Src/ssd1306.o" --specs=nano.specs -mfpu=fpv4-sp-d16 -mfloat-abi=hard -mthumb -o "Drivers/Src/ssd1306.o"
arm-none-eabi-gcc "../Drivers/Src/stm32f4xx_hal_msp.c" -mcpu=cortex-m4 -std=gnu11 -g3 -DDEBUG -DSTM32 -DSTM32F4 -DSTM32F446RETx -DNUCLEO_F446RE -c -I../Inc -I"C:/EmbeddedSystemsProjectsEntri/STM32/oled_i2c_driver/Drivers/STM32F4xx_HAL_Driver/Inc" -I"C:/EmbeddedSystemsProjectsEntri/STM32/oled_i2c_driver/Drivers/Inc" -O0 -ffunction-sections -fdata-sections -Wall -fstack-usage -fcyclomatic-complexity -MMD -MP -MF"Drivers/Src/stm32f4xx_hal_msp.d" -MT"Drivers/Src/stm32f4xx_hal_msp.o" --specs=nano.specs -mfpu=fpv4-sp-d16 -mfloat-abi=hard -mthumb -o "Drivers/Src/stm32f4xx_hal_msp.o"
arm-none-eabi-gcc "../Drivers/Src/stm32f4xx_it.c" -mcpu=cortex-m4 -std=gnu11 -g3 -DDEBUG -DSTM32 -DSTM32F4 -DSTM32F446RETx -DNUCLEO_F446RE -c -I../Inc -I"C:/EmbeddedSystemsProjectsEntri/STM32/oled_i2c_driver/Drivers/STM32F4xx_HAL_Driver/Inc" -I"C:/EmbeddedSystemsProjectsEntri/STM32/oled_i2c_driver/Drivers/Inc" -O0 -ffunction-sections -fdata-sections -Wall -fstack-usage -fcyclomatic-complexity -MMD -MP -MF"Drivers/Src/stm32f4xx_it.d" -MT"Drivers/Src/stm32f4xx_it.o" --specs=nano.specs -mfpu=fpv4-sp-d16 -mfloat-abi=hard -mthumb -o "Drivers/Src/stm32f4xx_it.o"
arm-none-eabi-gcc "../Drivers/Src/sysmem.c" -mcpu=cortex-m4 -std=gnu11 -g3 -DDEBUG -DSTM32 -DSTM32F4 -DSTM32F446RETx -DNUCLEO_F446RE -c -I../Inc -I"C:/EmbeddedSystemsProjectsEntri/STM32/oled_i2c_driver/Drivers/STM32F4xx_HAL_Driver/Inc" -I"C:/EmbeddedSystemsProjectsEntri/STM32/oled_i2c_driver/Drivers/Inc" -O0 -ffunction-sections -fdata-sections -Wall -fstack-usage -fcyclomatic-complexity -MMD -MP -MF"Drivers/Src/sysmem.d" -MT"Drivers/Src/sysmem.o" --specs=nano.specs -mfpu=fpv4-sp-d16 -mfloat-abi=hard -mthumb -o "Drivers/Src/sysmem.o"
arm-none-eabi-gcc "../Drivers/Src/system_stm32f4xx.c" -mcpu=cortex-m4 -std=gnu11 -g3 -DDEBUG -DSTM32 -DSTM32F4 -DSTM32F446RETx -DNUCLEO_F446RE -c -I../Inc -I"C:/EmbeddedSystemsProjectsEntri/STM32/oled_i2c_driver/Drivers/STM32F4xx_HAL_Driver/Inc" -I"C:/EmbeddedSystemsProjectsEntri/STM32/oled_i2c_driver/Drivers/Inc" -O0 -ffunction-sections -fdata-sections -Wall -fstack-usage -fcyclomatic-complexity -MMD -MP -MF"Drivers/Src/system_stm32f4xx.d" -MT"Drivers/Src/system_stm32f4xx.o" --specs=nano.specs -mfpu=fpv4-sp-d16 -mfloat-abi=hard -mthumb -o "Drivers/Src/system_stm32f4xx.o"
arm-none-eabi-gcc "../Drivers/STM32F4xx_HAL_Driver/Src/stm32f4xx_hal.c" -mcpu=cortex-m4 -std=gnu11 -g3 -DDEBUG -DSTM32 -DSTM32F4 -DSTM32F446RETx -DNUCLEO_F446RE -c -I../Inc -I"C:/EmbeddedSystemsProjectsEntri/STM32/oled_i2c_driver/Drivers/STM32F4xx_HAL_Driver/Inc" -I"C:/EmbeddedSystemsProjectsEntri/STM32/oled_i2c_driver/Drivers/Inc" -O0 -ffunction-sections -fdata-sections -Wall -fstack-usage -fcyclomatic-complexity -MMD -MP -MF"Drivers/STM32F4xx_HAL_Driver/Src/stm32f4xx_hal.d" -MT"Drivers/STM32F4xx_HAL_Driver/Src/stm32f4xx_hal.o" --specs=nano.specs -mfpu=fpv4-sp-d16 -mfloat-abi=hard -mthumb -o "Drivers/STM32F4xx_HAL_Driver/Src/stm32f4xx_hal.o"
arm-none-eabi-gcc "../Drivers/STM32F4xx_HAL_Driver/Src/stm32f4xx_hal_cortex.c" -mcpu=cortex-m4 -std=gnu11 -g3 -DDEBUG -DSTM32 -DSTM32F4 -DSTM32F446RETx -DNUCLEO_F446RE -c -I../Inc -I"C:/EmbeddedSystemsProjectsEntri/STM32/oled_i2c_driver/Drivers/STM32F4xx_HAL_Driver/Inc" -I"C:/EmbeddedSystemsProjectsEntri/STM32/oled_i2c_driver/Drivers/Inc" -O0 -ffunction-sections -fdata-sections -Wall -fstack-usage -fcyclomatic-complexity -MMD -MP -MF"Drivers/STM32F4xx_HAL_Driver/Src/stm32f4xx_hal_cortex.d" -MT"Drivers/STM32F4xx_HAL_Driver/Src/stm32f4xx_hal_cortex.o" --specs=nano.specs -mfpu=fpv4-sp-d16 -mfloat-abi=hard -mthumb -o "Drivers/STM32F4xx_HAL_Driver/Src/stm32f4xx_hal_cortex.o"
arm-none-eabi-gcc "../Drivers/STM32F4xx_HAL_Driver/Src/stm32f4xx_hal_dma.c" -mcpu=cortex-m4 -std=gnu11 -g3 -DDEBUG -DSTM32 -DSTM32F4 -DSTM32F446RETx -DNUCLEO_F446RE -c -I../Inc -I"C:/EmbeddedSystemsProjectsEntri/STM32/oled_i2c_driver/Drivers/STM32F4xx_HAL_Driver/Inc" -I"C:/EmbeddedSystemsProjectsEntri/STM32/oled_i2c_driver/Drivers/Inc" -O0 -ffunction-sections -fdata-sections -Wall -fstack-usage -fcyclomatic-complexity -MMD -MP -MF"Drivers/STM32F4xx_HAL_Driver/Src/stm32f4xx_hal_dma.d" -MT"Drivers/STM32F4xx_HAL_Driver/Src/stm32f4xx_hal_dma.o" --specs=nano.specs -mfpu=fpv4-sp-d16 -mfloat-abi=hard -mthumb -o "Drivers/STM32F4xx_HAL_Driver/Src/stm32f4xx_hal_dma.o"
arm-none-eabi-gcc "../Drivers/STM32F4xx_HAL_Driver/Src/stm32f4xx_hal_dma_ex.c" -mcpu=cortex-m4 -std=gnu11 -g3 -DDEBUG -DSTM32 -DSTM32F4 -DSTM32F446RETx -DNUCLEO_F446RE -c -I../Inc -I"C:/EmbeddedSystemsProjectsEntri/STM32/oled_i2c_driver/Drivers/STM32F4xx_HAL_Driver/Inc" -I"C:/EmbeddedSystemsProjectsEntri/STM32/oled_i2c_driver/Drivers/Inc" -O0 -ffunction-sections -fdata-sections -Wall -fstack-usage -fcyclomatic-complexity -MMD -MP -MF"Drivers/STM32F4xx_HAL_Driver/Src/stm32f4xx_hal_dma_ex.d" -MT"Drivers/STM32F4xx_HAL_Driver/Src/stm32f4xx_hal_dma_ex.o" --specs=nano.specs -mfpu=fpv4-sp-d16 -mfloat-abi=hard -mthumb -o "Drivers/STM32F4xx_HAL_Driver/Src/stm32f4xx_hal_dma_ex.o"
arm-none-eabi-gcc "../Drivers/STM32F4xx_HAL_Driver/Src/stm32f4xx_hal_exti.c" -mcpu=cortex-m4 -std=gnu11 -g3 -DDEBUG -DSTM32 -DSTM32F4 -DSTM32F446RETx -DNUCLEO_F446RE -c -I../Inc -I"C:/EmbeddedSystemsProjectsEntri/STM32/oled_i2c_driver/Drivers/STM32F4xx_HAL_Driver/Inc" -I"C:/EmbeddedSystemsProjectsEntri/STM32/oled_i2c_driver/Drivers/Inc" -O0 -ffunction-sections -fdata-sections -Wall -fstack-usage -fcyclomatic-complexity -MMD -MP -MF"Drivers/STM32F4xx_HAL_Driver/Src/stm32f4xx_hal_exti.d" -MT"Drivers/STM32F4xx_HAL_Driver/Src/stm32f4xx_hal_exti.o" --specs=nano.specs -mfpu=fpv4-sp-d16 -mfloat-abi=hard -mthumb -o "Drivers/STM32F4xx_HAL_Driver/Src/stm32f4xx_hal_exti.o"
In file included from C:/EmbeddedSystemsProjectsEntri/STM32/oled_i2c_driver/Drivers/STM32F4xx_HAL_Driver/Inc/stm32f4xx_hal_rcc.h:27,
                 from C:/EmbeddedSystemsProjectsEntri/STM32/oled_i2c_driver/Drivers/Inc/stm32f4xx_hal_conf.h:275,
                 from C:/EmbeddedSystemsProjectsEntri/STM32/oled_i2c_driver/Drivers/STM32F4xx_HAL_Driver/Inc/stm32f4xx_hal.h:29,
                 from C:/EmbeddedSystemsProjectsEntri/STM32/oled_i2c_driver/Drivers/Inc/main.h:30,
                 from ../Drivers/Src/stm32f4xx_hal_msp.c:22:
C:/EmbeddedSystemsProjectsEntri/STM32/oled_i2c_driver/Drivers/STM32F4xx_HAL_Driver/Inc/stm32f4xx_hal_def.h:29:10: fatal error: stm32f4xx.h: No such file or directory
   29 | #include "stm32f4xx.h"
      |          ^~~~~~~~~~~~~
In file included from C:/EmbeddedSystemsProjectsEntri/STM32/oled_i2c_driver/Drivers/STM32F4xx_HAL_Driver/Inc/stm32f4xx_hal_rcc.h:27,
                 from C:/EmbeddedSystemsProjectsEntri/STM32/oled_i2c_driver/Drivers/Inc/stm32f4xx_hal_conf.h:275,
                 from C:/EmbeddedSystemsProjectsEntri/STM32/oled_i2c_driver/Drivers/STM32F4xx_HAL_Driver/Inc/stm32f4xx_hal.h:29,
                 from C:/EmbeddedSystemsProjectsEntri/STM32/oled_i2c_driver/Drivers/Inc/main.h:30,
                 from ../Src/main.c:20:
C:/EmbeddedSystemsProjectsEntri/STM32/oled_i2c_driver/Drivers/STM32F4xx_HAL_Driver/Inc/stm32f4xx_hal_def.h:29:10: fatal error: stm32f4xx.h: No such file or directory
   29 | #include "stm32f4xx.h"
      |          ^~~~~~~~~~~~~
In file included from C:/EmbeddedSystemsProjectsEntri/STM32/oled_i2c_driver/Drivers/STM32F4xx_HAL_Driver/Inc/stm32f4xx_hal_rcc.h:27,
                 from C:/EmbeddedSystemsProjectsEntri/STM32/oled_i2c_driver/Drivers/Inc/stm32f4xx_hal_conf.h:275,
                 from C:/EmbeddedSystemsProjectsEntri/STM32/oled_i2c_driver/Drivers/STM32F4xx_HAL_Driver/Inc/stm32f4xx_hal.h:29,
                 from C:/EmbeddedSystemsProjectsEntri/STM32/oled_i2c_driver/Drivers/Inc/fonts.h:41,
                 from ../Drivers/Src/fonts.c:26:
C:/EmbeddedSystemsProjectsEntri/STM32/oled_i2c_driver/Drivers/STM32F4xx_HAL_Driver/Inc/stm32f4xx_hal_def.h:29:10: fatal error: stm32f4xx.h: No such file or directory
   29 | #include "stm32f4xx.h"
      |          ^~~~~~~~~~~~~
In file included from C:/EmbeddedSystemsProjectsEntri/STM32/oled_i2c_driver/Drivers/STM32F4xx_HAL_Driver/Inc/stm32f4xx_hal_rcc.h:27,
                 from C:/EmbeddedSystemsProjectsEntri/STM32/oled_i2c_driver/Drivers/Inc/stm32f4xx_hal_conf.h:275,
                 from C:/EmbeddedSystemsProjectsEntri/STM32/oled_i2c_driver/Drivers/STM32F4xx_HAL_Driver/Inc/stm32f4xx_hal.h:29,
                 from C:/EmbeddedSystemsProjectsEntri/STM32/oled_i2c_driver/Drivers/Inc/ssd1306.h:48,
                 from ../Drivers/Src/ssd1306.c:31:
C:/EmbeddedSystemsProjectsEntri/STM32/oled_i2c_driver/Drivers/STM32F4xx_HAL_Driver/Inc/stm32f4xx_hal_def.h:29:10: fatal error: stm32f4xx.h: No such file or directory
   29 | #include "stm32f4xx.h"
      |          ^~~~~~~~~~~~~
In file included from C:/EmbeddedSystemsProjectsEntri/STM32/oled_i2c_driver/Drivers/STM32F4xx_HAL_Driver/Inc/stm32f4xx_hal_rcc.h:27,
                 from C:/EmbeddedSystemsProjectsEntri/STM32/oled_i2c_driver/Drivers/Inc/stm32f4xx_hal_conf.h:275,
                 from C:/EmbeddedSystemsProjectsEntri/STM32/oled_i2c_driver/Drivers/STM32F4xx_HAL_Driver/Inc/stm32f4xx_hal.h:29,
                 from ../Drivers/STM32F4xx_HAL_Driver/Src/stm32f4xx_hal_cortex.c:81:
C:/EmbeddedSystemsProjectsEntri/STM32/oled_i2c_driver/Drivers/STM32F4xx_HAL_Driver/Inc/stm32f4xx_hal_def.h:29:10: fatal error: stm32f4xx.h: No such file or directory
   29 | #include "stm32f4xx.h"
      |          ^~~~~~~~~~~~~
In file included from C:/EmbeddedSystemsProjectsEntri/STM32/oled_i2c_driver/Drivers/STM32F4xx_HAL_Driver/Inc/stm32f4xx_hal_rcc.h:27,
                 from C:/EmbeddedSystemsProjectsEntri/STM32/oled_i2c_driver/Drivers/Inc/stm32f4xx_hal_conf.h:275,
                 from C:/EmbeddedSystemsProjectsEntri/STM32/oled_i2c_driver/Drivers/STM32F4xx_HAL_Driver/Inc/stm32f4xx_hal.h:29,
                 from C:/EmbeddedSystemsProjectsEntri/STM32/oled_i2c_driver/Drivers/Inc/main.h:30,
                 from ../Drivers/Src/stm32f4xx_it.c:21:
C:/EmbeddedSystemsProjectsEntri/STM32/oled_i2c_driver/Drivers/STM32F4xx_HAL_Driver/Inc/stm32f4xx_hal_def.h:29:10: fatal error: stm32f4xx.h: No such file or directory
   29 | #include "stm32f4xx.h"
      |          ^~~~~~~~~~~~~
compilation terminated.
compilation terminated.
../Drivers/Src/system_stm32f4xx.c:48:10: fatal error: stm32f4xx.h: No such file or directory
   48 | #include "stm32f4xx.h"
      |          ^~~~~~~~~~~~~
compilation terminated.
compilation terminated.
compilation terminated.
compilation terminated.
compilation terminated.
In file included from C:/EmbeddedSystemsProjectsEntri/STM32/oled_i2c_driver/Drivers/STM32F4xx_HAL_Driver/Inc/stm32f4xx_hal_rcc.h:27,
                 from C:/EmbeddedSystemsProjectsEntri/STM32/oled_i2c_driver/Drivers/Inc/stm32f4xx_hal_conf.h:275,
                 from C:/EmbeddedSystemsProjectsEntri/STM32/oled_i2c_driver/Drivers/STM32F4xx_HAL_Driver/Inc/stm32f4xx_hal.h:29,
                 from ../Drivers/STM32F4xx_HAL_Driver/Src/stm32f4xx_hal.c:36:
C:/EmbeddedSystemsProjectsEntri/STM32/oled_i2c_driver/Drivers/STM32F4xx_HAL_Driver/Inc/stm32f4xx_hal_def.h:29:10: fatal error: stm32f4xx.h: No such file or directory
   29 | #include "stm32f4xx.h"
      |          ^~~~~~~~~~~~~
compilation terminated.
make: *** [Src/subdir.mk:25: Src/main.o] Error 1
make: *** Waiting for unfinished jobs....
make: *** [Drivers/Src/subdir.mk:49: Drivers/Src/ssd1306.o] Error 1
make: *** [Drivers/Src/subdir.mk:49: Drivers/Src/stm32f4xx_it.o] Error 1
make: *** [Drivers/Src/subdir.mk:49: Drivers/Src/stm32f4xx_hal_msp.o] Error 1
make: *** [Drivers/Src/subdir.mk:49: Drivers/Src/system_stm32f4xx.o] Error 1
make: *** [Drivers/Src/subdir.mk:49: Drivers/Src/fonts.o] Error 1
make: *** [Drivers/STM32F4xx_HAL_Driver/Src/subdir.mk:64: Drivers/STM32F4xx_HAL_Driver/Src/stm32f4xx_hal.o] Error 1
make: *** [Drivers/STM32F4xx_HAL_Driver/Src/subdir.mk:64: Drivers/STM32F4xx_HAL_Driver/Src/stm32f4xx_hal_cortex.o] Error 1
In file included from C:/EmbeddedSystemsProjectsEntri/STM32/oled_i2c_driver/Drivers/STM32F4xx_HAL_Driver/Inc/stm32f4xx_hal_rcc.h:27,
                 from C:/EmbeddedSystemsProjectsEntri/STM32/oled_i2c_driver/Drivers/Inc/stm32f4xx_hal_conf.h:275,
                 from C:/EmbeddedSystemsProjectsEntri/STM32/oled_i2c_driver/Drivers/STM32F4xx_HAL_Driver/Inc/stm32f4xx_hal.h:29,
                 from ../Drivers/STM32F4xx_HAL_Driver/Src/stm32f4xx_hal_dma.c:97:
C:/EmbeddedSystemsProjectsEntri/STM32/oled_i2c_driver/Drivers/STM32F4xx_HAL_Driver/Inc/stm32f4xx_hal_def.h:29:10: fatal error: stm32f4xx.h: No such file or directory
   29 | #include "stm32f4xx.h"
      |          ^~~~~~~~~~~~~
compilation terminated.
make: *** [Drivers/STM32F4xx_HAL_Driver/Src/subdir.mk:64: Drivers/STM32F4xx_HAL_Driver/Src/stm32f4xx_hal_dma.o] Error 1
In file included from C:/EmbeddedSystemsProjectsEntri/STM32/oled_i2c_driver/Drivers/STM32F4xx_HAL_Driver/Inc/stm32f4xx_hal_rcc.h:27,
                 from C:/EmbeddedSystemsProjectsEntri/STM32/oled_i2c_driver/Drivers/Inc/stm32f4xx_hal_conf.h:275,
                 from C:/EmbeddedSystemsProjectsEntri/STM32/oled_i2c_driver/Drivers/STM32F4xx_HAL_Driver/Inc/stm32f4xx_hal.h:29,
                 from ../Drivers/STM32F4xx_HAL_Driver/Src/stm32f4xx_hal_dma_ex.c:39:
C:/EmbeddedSystemsProjectsEntri/STM32/oled_i2c_driver/Drivers/STM32F4xx_HAL_Driver/Inc/stm32f4xx_hal_def.h:29:10: fatal error: stm32f4xx.h: No such file or directory
   29 | #include "stm32f4xx.h"
      |          ^~~~~~~~~~~~~
compilation terminated.
In file included from C:/EmbeddedSystemsProjectsEntri/STM32/oled_i2c_driver/Drivers/STM32F4xx_HAL_Driver/Inc/stm32f4xx_hal_rcc.h:27,
                 from C:/EmbeddedSystemsProjectsEntri/STM32/oled_i2c_driver/Drivers/Inc/stm32f4xx_hal_conf.h:275,
                 from C:/EmbeddedSystemsProjectsEntri/STM32/oled_i2c_driver/Drivers/STM32F4xx_HAL_Driver/Inc/stm32f4xx_hal.h:29,
                 from ../Drivers/STM32F4xx_HAL_Driver/Src/stm32f4xx_hal_exti.c:86:
C:/EmbeddedSystemsProjectsEntri/STM32/oled_i2c_driver/Drivers/STM32F4xx_HAL_Driver/Inc/stm32f4xx_hal_def.h:29:10: fatal error: stm32f4xx.h: No such file or directory
   29 | #include "stm32f4xx.h"
      |          ^~~~~~~~~~~~~
compilation terminated.
make: *** [Drivers/STM32F4xx_HAL_Driver/Src/subdir.mk:64: Drivers/STM32F4xx_HAL_Driver/Src/stm32f4xx_hal_dma_ex.o] Error 1
make: *** [Drivers/STM32F4xx_HAL_Driver/Src/subdir.mk:64: Drivers/STM32F4xx_HAL_Driver/Src/stm32f4xx_hal_exti.o] Error 1
"make -j12 all" terminated with exit code 2. Build might be incomplete.
