2026-03-08 15:50:24,105 [INFO] Activator:176 - 


2026-03-08 15:50:24,118 [INFO] Activator:177 - !SESSION log4j initialized
2026-03-08 15:50:32,769 [INFO] LogOutputStream:77 - [STDOUT_REDIRECT] 
2026-03-08 16:39:42,631 [INFO] LogOutputStream:77 - [STDOUT_REDIRECT] StartTraceHandler.execute(), success : Collect=true
2026-03-08 16:39:45,151 [INFO] LogOutputStream:77 - [STDOUT_REDIRECT] StartTraceHandler.execute(), success : Collect=false
2026-03-08 16:42:27,975 [INFO] LogOutputStream:77 - [STDOUT_REDIRECT] StartTraceHandler.execute(), success : Collect=true
2026-03-08 16:44:06,871 [INFO] LogOutputStream:77 - [STDOUT_REDIRECT] StartTraceHandler.execute(), success : Collect=false
2026-03-08 18:06:50,005 [INFO] LogOutputStream:77 - [STDOUT_REDIRECT] StartTraceHandler.execute(), success : Collect=true
2026-03-08 18:06:51,469 [INFO] LogOutputStream:77 - [STDOUT_REDIRECT] StartTraceHandler.execute(), success : Collect=false
2026-03-08 18:06:53,219 [INFO] LogOutputStream:77 - [STDOUT_REDIRECT] StartTraceHandler.execute(), success : Collect=true
2026-03-08 18:06:55,096 [INFO] LogOutputStream:77 - [STDOUT_REDIRECT] StartTraceHandler.execute(), success : Collect=false
2026-03-08 22:39:21,189 [INFO] LogOutputStream:77 - [STDOUT_REDIRECT] StartTraceHandler.execute(), success : Collect=false
2026-03-08 22:39:22,665 [INFO] LogOutputStream:77 - [STDOUT_REDIRECT] StartTraceHandler.execute(), success : Collect=true
2026-03-08 22:39:23,714 [INFO] LogOutputStream:77 - [STDOUT_REDIRECT] StartTraceHandler.execute(), success : Collect=false
2026-03-08 22:40:04,485 [INFO] LogOutputStream:77 - [STDOUT_REDIRECT] StartTraceHandler.execute(), success : Collect=true
2026-03-08 22:41:10,983 [INFO] Activator:176 - 


2026-03-08 22:41:10,985 [INFO] Activator:177 - !SESSION log4j initialized
2026-03-08 22:41:15,151 [INFO] LogOutputStream:77 - [STDOUT_REDIRECT] 
2026-03-08 22:44:42,104 [INFO] LogOutputStream:77 - [STDOUT_REDIRECT] StartTraceHandler.execute(), success : Collect=false
2026-03-08 22:45:17,909 [INFO] LogOutputStream:77 - [STDOUT_REDIRECT] StartTraceHandler.execute(), success : Collect=true
